[2023-03-30 13:29:54Z INFO HostContext] No proxy settings were found based on environmental variables (http_proxy/https_proxy/HTTP_PROXY/HTTPS_PROXY)
[2023-03-30 13:29:54Z INFO HostContext] Well known directory 'Bin': 'C:\Users\jorge\Desktop\Jorge U\MindLabs\DVC\TestDVC4\actions-runner\bin'
[2023-03-30 13:29:54Z INFO HostContext] Well known directory 'Root': 'C:\Users\jorge\Desktop\Jorge U\MindLabs\DVC\TestDVC4\actions-runner'
[2023-03-30 13:29:54Z INFO HostContext] Well known config file 'Credentials': 'C:\Users\jorge\Desktop\Jorge U\MindLabs\DVC\TestDVC4\actions-runner\.credentials'
[2023-03-30 13:29:54Z INFO HostContext] Well known directory 'Bin': 'C:\Users\jorge\Desktop\Jorge U\MindLabs\DVC\TestDVC4\actions-runner\bin'
[2023-03-30 13:29:54Z INFO HostContext] Well known directory 'Root': 'C:\Users\jorge\Desktop\Jorge U\MindLabs\DVC\TestDVC4\actions-runner'
[2023-03-30 13:29:54Z INFO HostContext] Well known config file 'Runner': 'C:\Users\jorge\Desktop\Jorge U\MindLabs\DVC\TestDVC4\actions-runner\.runner'
[2023-03-30 13:29:54Z INFO Listener] Runner is built for Windows (X64) - win-x64.
[2023-03-30 13:29:54Z INFO Listener] RuntimeInformation: Microsoft Windows 10.0.19044.
[2023-03-30 13:29:54Z INFO Listener] Version: 2.303.0
[2023-03-30 13:29:54Z INFO Listener] Commit: e676c7871817c1b484299cd93fabdf4b95e70741
[2023-03-30 13:29:54Z INFO Listener] Culture: es-MX
[2023-03-30 13:29:54Z INFO Listener] UI Culture: es-MX
[2023-03-30 13:29:54Z INFO HostContext] Well known directory 'Bin': 'C:\Users\jorge\Desktop\Jorge U\MindLabs\DVC\TestDVC4\actions-runner\bin'
[2023-03-30 13:29:54Z INFO HostContext] Well known directory 'Root': 'C:\Users\jorge\Desktop\Jorge U\MindLabs\DVC\TestDVC4\actions-runner'
[2023-03-30 13:29:54Z INFO Listener] Validating directory permissions for: 'C:\Users\jorge\Desktop\Jorge U\MindLabs\DVC\TestDVC4\actions-runner'
[2023-03-30 13:29:54Z INFO CommandLineParser] Parse
[2023-03-30 13:29:54Z INFO CommandLineParser] Parsing 5 args
[2023-03-30 13:29:54Z INFO CommandLineParser] parsing argument
[2023-03-30 13:29:54Z INFO CommandLineParser] HasArgs: False
[2023-03-30 13:29:54Z INFO CommandLineParser] Adding Command: configure
[2023-03-30 13:29:54Z INFO CommandLineParser] parsing argument
[2023-03-30 13:29:54Z INFO CommandLineParser] HasArgs: True
[2023-03-30 13:29:54Z INFO CommandLineParser] arg: url
[2023-03-30 13:29:54Z INFO CommandLineParser] parsing argument
[2023-03-30 13:29:54Z INFO CommandLineParser] HasArgs: True
[2023-03-30 13:29:54Z INFO CommandLineParser] Adding option 'url': 'https://github.com/jrk311/TestDVC4'
[2023-03-30 13:29:54Z INFO CommandLineParser] parsing argument
[2023-03-30 13:29:54Z INFO CommandLineParser] HasArgs: True
[2023-03-30 13:29:54Z INFO CommandLineParser] arg: token
[2023-03-30 13:29:54Z INFO CommandLineParser] parsing argument
[2023-03-30 13:29:54Z INFO CommandLineParser] HasArgs: True
[2023-03-30 13:29:54Z INFO CommandLineParser] Adding option 'token': '***'
[2023-03-30 13:29:54Z INFO Listener] Arguments parsed
[2023-03-30 13:29:54Z INFO Runner] ExecuteCommand
[2023-03-30 13:29:54Z INFO ConfigurationStore] currentAssemblyLocation: C:\Users\jorge\Desktop\Jorge U\MindLabs\DVC\TestDVC4\actions-runner\bin\Runner.Listener.dll
[2023-03-30 13:29:54Z INFO HostContext] Well known directory 'Bin': 'C:\Users\jorge\Desktop\Jorge U\MindLabs\DVC\TestDVC4\actions-runner\bin'
[2023-03-30 13:29:54Z INFO ConfigurationStore] binPath: C:\Users\jorge\Desktop\Jorge U\MindLabs\DVC\TestDVC4\actions-runner\bin
[2023-03-30 13:29:54Z INFO HostContext] Well known directory 'Bin': 'C:\Users\jorge\Desktop\Jorge U\MindLabs\DVC\TestDVC4\actions-runner\bin'
[2023-03-30 13:29:54Z INFO HostContext] Well known directory 'Root': 'C:\Users\jorge\Desktop\Jorge U\MindLabs\DVC\TestDVC4\actions-runner'
[2023-03-30 13:29:54Z INFO ConfigurationStore] RootFolder: C:\Users\jorge\Desktop\Jorge U\MindLabs\DVC\TestDVC4\actions-runner
[2023-03-30 13:29:54Z INFO HostContext] Well known directory 'Bin': 'C:\Users\jorge\Desktop\Jorge U\MindLabs\DVC\TestDVC4\actions-runner\bin'
[2023-03-30 13:29:54Z INFO HostContext] Well known directory 'Root': 'C:\Users\jorge\Desktop\Jorge U\MindLabs\DVC\TestDVC4\actions-runner'
[2023-03-30 13:29:54Z INFO HostContext] Well known config file 'Runner': 'C:\Users\jorge\Desktop\Jorge U\MindLabs\DVC\TestDVC4\actions-runner\.runner'
[2023-03-30 13:29:54Z INFO ConfigurationStore] ConfigFilePath: C:\Users\jorge\Desktop\Jorge U\MindLabs\DVC\TestDVC4\actions-runner\.runner
[2023-03-30 13:29:54Z INFO HostContext] Well known directory 'Bin': 'C:\Users\jorge\Desktop\Jorge U\MindLabs\DVC\TestDVC4\actions-runner\bin'
[2023-03-30 13:29:54Z INFO HostContext] Well known directory 'Root': 'C:\Users\jorge\Desktop\Jorge U\MindLabs\DVC\TestDVC4\actions-runner'
[2023-03-30 13:29:54Z INFO HostContext] Well known config file 'Credentials': 'C:\Users\jorge\Desktop\Jorge U\MindLabs\DVC\TestDVC4\actions-runner\.credentials'
[2023-03-30 13:29:54Z INFO ConfigurationStore] CredFilePath: C:\Users\jorge\Desktop\Jorge U\MindLabs\DVC\TestDVC4\actions-runner\.credentials
[2023-03-30 13:29:54Z INFO HostContext] Well known directory 'Bin': 'C:\Users\jorge\Desktop\Jorge U\MindLabs\DVC\TestDVC4\actions-runner\bin'
[2023-03-30 13:29:54Z INFO HostContext] Well known directory 'Root': 'C:\Users\jorge\Desktop\Jorge U\MindLabs\DVC\TestDVC4\actions-runner'
[2023-03-30 13:29:54Z INFO HostContext] Well known config file 'MigratedCredentials': 'C:\Users\jorge\Desktop\Jorge U\MindLabs\DVC\TestDVC4\actions-runner\.credentials_migrated'
[2023-03-30 13:29:54Z INFO ConfigurationStore] MigratedCredFilePath: C:\Users\jorge\Desktop\Jorge U\MindLabs\DVC\TestDVC4\actions-runner\.credentials_migrated
[2023-03-30 13:29:54Z INFO HostContext] Well known directory 'Bin': 'C:\Users\jorge\Desktop\Jorge U\MindLabs\DVC\TestDVC4\actions-runner\bin'
[2023-03-30 13:29:54Z INFO HostContext] Well known directory 'Root': 'C:\Users\jorge\Desktop\Jorge U\MindLabs\DVC\TestDVC4\actions-runner'
[2023-03-30 13:29:54Z INFO HostContext] Well known config file 'Service': 'C:\Users\jorge\Desktop\Jorge U\MindLabs\DVC\TestDVC4\actions-runner\.service'
[2023-03-30 13:29:54Z INFO ConfigurationStore] ServiceConfigFilePath: C:\Users\jorge\Desktop\Jorge U\MindLabs\DVC\TestDVC4\actions-runner\.service
[2023-03-30 13:29:54Z INFO CommandSettings] Flag 'help': 'False'
[2023-03-30 13:29:54Z INFO CommandSettings] Flag 'version': 'False'
[2023-03-30 13:29:54Z INFO CommandSettings] Flag 'commit': 'False'
[2023-03-30 13:29:54Z INFO CommandSettings] Flag 'check': 'False'
[2023-03-30 13:29:54Z INFO CommandSettings] Command 'configure': 'True'
[2023-03-30 13:29:54Z INFO Terminal] WRITE LINE: 
[2023-03-30 13:29:54Z INFO Terminal] WRITE LINE: --------------------------------------------------------------------------------
[2023-03-30 13:29:54Z INFO Terminal] WRITE LINE: |        ____ _ _   _   _       _          _        _   _                      |
[2023-03-30 13:29:54Z INFO Terminal] WRITE LINE: |       / ___(_) |_| | | |_   _| |__      / \   ___| |_(_) ___  _ __  ___      |
[2023-03-30 13:29:54Z INFO Terminal] WRITE LINE: |      | |  _| | __| |_| | | | | '_ \    / _ \ / __| __| |/ _ \| '_ \/ __|     |
[2023-03-30 13:29:54Z INFO Terminal] WRITE LINE: |      | |_| | | |_|  _  | |_| | |_) |  / ___ \ (__| |_| | (_) | | | \__ \     |
[2023-03-30 13:29:54Z INFO Terminal] WRITE LINE: |       \____|_|\__|_| |_|\__,_|_.__/  /_/   \_\___|\__|_|\___/|_| |_|___/     |
[2023-03-30 13:29:54Z INFO Terminal] WRITE LINE: |                                                                              |
[2023-03-30 13:29:54Z INFO Terminal] WRITE: |                       
[2023-03-30 13:29:54Z INFO Terminal] WRITE: Self-hosted runner registration
[2023-03-30 13:29:54Z INFO Terminal] WRITE LINE:                         |
[2023-03-30 13:29:54Z INFO Terminal] WRITE LINE: |                                                                              |
[2023-03-30 13:29:54Z INFO Terminal] WRITE LINE: --------------------------------------------------------------------------------
[2023-03-30 13:29:54Z INFO ConfigurationManager] ConfigureAsync
[2023-03-30 13:29:54Z INFO CommandSettings] Flag 'generateServiceConfig': 'False'
[2023-03-30 13:29:54Z INFO ConfigurationStore] IsConfigured()
[2023-03-30 13:29:54Z INFO ConfigurationStore] IsConfigured: False
[2023-03-30 13:29:54Z INFO ConfigurationManager] Is configured: False
[2023-03-30 13:29:54Z INFO CommandSettings] Arg 'url': 'https://github.com/jrk311/TestDVC4'
[2023-03-30 13:29:54Z INFO CommandSettings] Remove url from Arg dictionary.
[2023-03-30 13:29:54Z INFO CommandSettings] Arg 'token': '***'
[2023-03-30 13:29:54Z INFO CommandSettings] Remove token from Arg dictionary.
[2023-03-30 13:29:56Z INFO ConfigurationManager] Http response code: OK from 'POST https://api.github.com/actions/runner-registration' (EDE0:3321:2793B:2B08F:64258ED2)
[2023-03-30 13:29:56Z INFO ConfigurationManager] cred retrieved via GitHub auth
[2023-03-30 13:29:56Z INFO RunnerServer] EstablishVssConnection
[2023-03-30 13:29:56Z INFO RunnerServer] Establish connection with 100 seconds timeout.
[2023-03-30 13:29:56Z INFO GitHubActionsService] Starting operation Location.GetConnectionData
[2023-03-30 13:29:56Z INFO RunnerServer] EstablishVssConnection
[2023-03-30 13:29:56Z INFO RunnerServer] Establish connection with 60 seconds timeout.
[2023-03-30 13:29:56Z INFO GitHubActionsService] Starting operation Location.GetConnectionData
[2023-03-30 13:29:56Z INFO RunnerServer] EstablishVssConnection
[2023-03-30 13:29:56Z INFO RunnerServer] Establish connection with 60 seconds timeout.
[2023-03-30 13:29:56Z INFO GitHubActionsService] Starting operation Location.GetConnectionData
[2023-03-30 13:29:58Z INFO GitHubActionsService] Finished operation Location.GetConnectionData
[2023-03-30 13:29:58Z INFO GitHubActionsService] Finished operation Location.GetConnectionData
[2023-03-30 13:29:58Z INFO GitHubActionsService] Finished operation Location.GetConnectionData
[2023-03-30 13:29:58Z INFO Terminal] WRITE LINE: 
[2023-03-30 13:29:58Z INFO ConfigurationManager] Test Connection complete.
[2023-03-30 13:29:58Z INFO HostContext] Well known directory 'Bin': 'C:\Users\jorge\Desktop\Jorge U\MindLabs\DVC\TestDVC4\actions-runner\bin'
[2023-03-30 13:29:58Z INFO HostContext] Well known directory 'Root': 'C:\Users\jorge\Desktop\Jorge U\MindLabs\DVC\TestDVC4\actions-runner'
[2023-03-30 13:29:58Z INFO HostContext] Well known config file 'RSACredentials': 'C:\Users\jorge\Desktop\Jorge U\MindLabs\DVC\TestDVC4\actions-runner\.credentials_rsaparams'
[2023-03-30 13:29:58Z INFO RSAEncryptedFileKeyManager] Creating new RSA key using 2048-bit key length
[2023-03-30 13:29:58Z INFO RSAEncryptedFileKeyManager] Successfully saved RSA key parameters to file C:\Users\jorge\Desktop\Jorge U\MindLabs\DVC\TestDVC4\actions-runner\.credentials_rsaparams
[2023-03-30 13:29:59Z INFO CommandSettings] Arg 'runnergroup': ''
[2023-03-30 13:29:59Z INFO CommandSettings] Flag 'unattended': 'False'
[2023-03-30 13:29:59Z INFO PromptManager] ReadValue
[2023-03-30 13:29:59Z INFO Terminal] WRITE: Enter the name of the runner group to add this runner to: 
[2023-03-30 13:29:59Z INFO Terminal] WRITE: [press Enter for Default] 
[2023-03-30 13:29:59Z INFO Terminal] READ LINE
[2023-03-30 13:30:00Z INFO Terminal] Read value: ''
[2023-03-30 13:30:00Z INFO PromptManager] Falling back to the default: 'Default'
[2023-03-30 13:30:00Z INFO Terminal] WRITE LINE: 
[2023-03-30 13:30:00Z INFO ConfigurationManager] Found a self-hosted runner group with id 1 and name Default
[2023-03-30 13:30:00Z INFO CommandSettings] Flag 'disableupdate': 'False'
[2023-03-30 13:30:00Z INFO CommandSettings] Flag 'ephemeral': 'False'
[2023-03-30 13:30:00Z INFO CommandSettings] Arg 'name': ''
[2023-03-30 13:30:00Z INFO CommandSettings] Flag 'unattended': 'False'
[2023-03-30 13:30:00Z INFO PromptManager] ReadValue
[2023-03-30 13:30:00Z INFO Terminal] WRITE: Enter the name of runner: 
[2023-03-30 13:30:00Z INFO Terminal] WRITE: [press Enter for LAPTOP-7U7QQLT5] 
[2023-03-30 13:30:00Z INFO Terminal] READ LINE
[2023-03-30 13:30:01Z INFO Terminal] Read value: ''
[2023-03-30 13:30:01Z INFO PromptManager] Falling back to the default: 'LAPTOP-7U7QQLT5'
[2023-03-30 13:30:01Z INFO Terminal] WRITE LINE: 
[2023-03-30 13:30:01Z INFO CommandSettings] Arg 'labels': ''
[2023-03-30 13:30:01Z INFO CommandSettings] Flag 'unattended': 'False'
[2023-03-30 13:30:01Z INFO PromptManager] ReadValue
[2023-03-30 13:30:01Z INFO Terminal] WRITE: This runner will have the following labels: 'self-hosted', 'Windows', 'X64' 
Enter any additional labels (ex. label-1,label-2): 
[2023-03-30 13:30:01Z INFO Terminal] WRITE: [press Enter to skip] 
[2023-03-30 13:30:01Z INFO Terminal] READ LINE
[2023-03-30 13:30:02Z INFO Terminal] Read value: ''
[2023-03-30 13:30:02Z INFO Terminal] WRITE LINE: 
[2023-03-30 13:30:02Z INFO CommandSettings] Flag 'disableupdate': 'False'
[2023-03-30 13:30:03Z INFO CommandSettings] Flag 'disableupdate': 'False'
[2023-03-30 13:30:03Z INFO CommandSettings] Flag 'ephemeral': 'False'
[2023-03-30 13:30:03Z INFO ConfigurationStore] Saving OAuth credential @ C:\Users\jorge\Desktop\Jorge U\MindLabs\DVC\TestDVC4\actions-runner\.credentials
[2023-03-30 13:30:03Z INFO ConfigurationStore] Credentials Saved.
[2023-03-30 13:30:03Z INFO ConfigurationStore] HasCredentials()
[2023-03-30 13:30:03Z INFO ConfigurationStore] stored True
[2023-03-30 13:30:03Z INFO CredentialManager] GetCredentialProvider
[2023-03-30 13:30:03Z INFO CredentialManager] Creating type OAuth
[2023-03-30 13:30:03Z INFO CredentialManager] Creating credential type: OAuth
[2023-03-30 13:30:03Z INFO RSAEncryptedFileKeyManager] Loading RSA key parameters from file C:\Users\jorge\Desktop\Jorge U\MindLabs\DVC\TestDVC4\actions-runner\.credentials_rsaparams
[2023-03-30 13:30:03Z INFO RunnerServer] EstablishVssConnection
[2023-03-30 13:30:03Z INFO RunnerServer] Establish connection with 100 seconds timeout.
[2023-03-30 13:30:03Z INFO GitHubActionsService] Starting operation Location.GetConnectionData
[2023-03-30 13:30:03Z INFO RunnerServer] EstablishVssConnection
[2023-03-30 13:30:03Z INFO RunnerServer] Establish connection with 60 seconds timeout.
[2023-03-30 13:30:03Z INFO GitHubActionsService] Starting operation Location.GetConnectionData
[2023-03-30 13:30:03Z INFO RunnerServer] EstablishVssConnection
[2023-03-30 13:30:03Z INFO RunnerServer] Establish connection with 60 seconds timeout.
[2023-03-30 13:30:03Z INFO GitHubActionsService] Starting operation Location.GetConnectionData
[2023-03-30 13:30:03Z INFO GitHubActionsService] Finished operation Location.GetConnectionData
[2023-03-30 13:30:04Z INFO GitHubActionsService] Finished operation Location.GetConnectionData
[2023-03-30 13:30:04Z INFO GitHubActionsService] Finished operation Location.GetConnectionData
[2023-03-30 13:30:04Z INFO RSAEncryptedFileKeyManager] Loading RSA key parameters from file C:\Users\jorge\Desktop\Jorge U\MindLabs\DVC\TestDVC4\actions-runner\.credentials_rsaparams
[2023-03-30 13:30:04Z INFO RSAEncryptedFileKeyManager] Loading RSA key parameters from file C:\Users\jorge\Desktop\Jorge U\MindLabs\DVC\TestDVC4\actions-runner\.credentials_rsaparams
[2023-03-30 13:30:05Z INFO GitHubActionsService] AAD Correlation ID for this token request: Unknown
[2023-03-30 13:30:05Z INFO CommandSettings] Arg 'work': ''
[2023-03-30 13:30:05Z INFO CommandSettings] Flag 'unattended': 'False'
[2023-03-30 13:30:05Z INFO PromptManager] ReadValue
[2023-03-30 13:30:05Z INFO Terminal] WRITE: Enter name of work folder: 
[2023-03-30 13:30:05Z INFO Terminal] WRITE: [press Enter for _work] 
[2023-03-30 13:30:05Z INFO Terminal] READ LINE
[2023-03-30 13:30:07Z INFO Terminal] Read value: ''
[2023-03-30 13:30:07Z INFO PromptManager] Falling back to the default: '_work'
[2023-03-30 13:30:07Z INFO ConfigurationStore] Saving runner settings.
[2023-03-30 13:30:07Z INFO ConfigurationStore] Settings Saved.
[2023-03-30 13:30:07Z INFO Terminal] WRITE LINE: 
[2023-03-30 13:30:07Z INFO Terminal] WRITE LINE: 
[2023-03-30 13:30:07Z INFO CommandSettings] Flag 'runasservice': 'False'
[2023-03-30 13:30:07Z INFO CommandSettings] Flag 'unattended': 'False'
[2023-03-30 13:30:07Z INFO PromptManager] ReadValue
[2023-03-30 13:30:07Z INFO Terminal] WRITE: Would you like to run the runner as service? (Y/N) 
[2023-03-30 13:30:07Z INFO Terminal] WRITE: [press Enter for N] 
[2023-03-30 13:30:07Z INFO Terminal] READ LINE
[2023-03-30 13:30:09Z INFO Terminal] Read value: ''
[2023-03-30 13:30:09Z INFO PromptManager] Falling back to the default: 'N'
[2023-03-30 13:30:09Z INFO Listener] Runner execution has finished with return code 0
