[2023-03-30 13:30:16Z INFO HostContext] No proxy settings were found based on environmental variables (http_proxy/https_proxy/HTTP_PROXY/HTTPS_PROXY)
[2023-03-30 13:30:16Z INFO HostContext] Well known directory 'Bin': 'C:\Users\jorge\Desktop\Jorge U\MindLabs\DVC\TestDVC4\actions-runner\bin'
[2023-03-30 13:30:16Z INFO HostContext] Well known directory 'Root': 'C:\Users\jorge\Desktop\Jorge U\MindLabs\DVC\TestDVC4\actions-runner'
[2023-03-30 13:30:16Z INFO HostContext] Well known config file 'Credentials': 'C:\Users\jorge\Desktop\Jorge U\MindLabs\DVC\TestDVC4\actions-runner\.credentials'
[2023-03-30 13:30:16Z INFO HostContext] Well known directory 'Bin': 'C:\Users\jorge\Desktop\Jorge U\MindLabs\DVC\TestDVC4\actions-runner\bin'
[2023-03-30 13:30:16Z INFO HostContext] Well known directory 'Root': 'C:\Users\jorge\Desktop\Jorge U\MindLabs\DVC\TestDVC4\actions-runner'
[2023-03-30 13:30:16Z INFO HostContext] Well known config file 'Runner': 'C:\Users\jorge\Desktop\Jorge U\MindLabs\DVC\TestDVC4\actions-runner\.runner'
[2023-03-30 13:30:16Z INFO Listener] Runner is built for Windows (X64) - win-x64.
[2023-03-30 13:30:16Z INFO Listener] RuntimeInformation: Microsoft Windows 10.0.19044.
[2023-03-30 13:30:16Z INFO Listener] Version: 2.303.0
[2023-03-30 13:30:16Z INFO Listener] Commit: e676c7871817c1b484299cd93fabdf4b95e70741
[2023-03-30 13:30:16Z INFO Listener] Culture: es-MX
[2023-03-30 13:30:16Z INFO Listener] UI Culture: es-MX
[2023-03-30 13:30:16Z INFO HostContext] Well known directory 'Bin': 'C:\Users\jorge\Desktop\Jorge U\MindLabs\DVC\TestDVC4\actions-runner\bin'
[2023-03-30 13:30:16Z INFO HostContext] Well known directory 'Root': 'C:\Users\jorge\Desktop\Jorge U\MindLabs\DVC\TestDVC4\actions-runner'
[2023-03-30 13:30:16Z INFO Listener] Validating directory permissions for: 'C:\Users\jorge\Desktop\Jorge U\MindLabs\DVC\TestDVC4\actions-runner'
[2023-03-30 13:30:16Z INFO CommandLineParser] Parse
[2023-03-30 13:30:16Z INFO CommandLineParser] Parsing 1 args
[2023-03-30 13:30:16Z INFO CommandLineParser] parsing argument
[2023-03-30 13:30:16Z INFO CommandLineParser] HasArgs: False
[2023-03-30 13:30:16Z INFO CommandLineParser] Adding Command: run
[2023-03-30 13:30:16Z INFO Listener] Arguments parsed
[2023-03-30 13:30:16Z INFO Runner] ExecuteCommand
[2023-03-30 13:30:16Z INFO ConfigurationStore] currentAssemblyLocation: C:\Users\jorge\Desktop\Jorge U\MindLabs\DVC\TestDVC4\actions-runner\bin\Runner.Listener.dll
[2023-03-30 13:30:16Z INFO HostContext] Well known directory 'Bin': 'C:\Users\jorge\Desktop\Jorge U\MindLabs\DVC\TestDVC4\actions-runner\bin'
[2023-03-30 13:30:16Z INFO ConfigurationStore] binPath: C:\Users\jorge\Desktop\Jorge U\MindLabs\DVC\TestDVC4\actions-runner\bin
[2023-03-30 13:30:16Z INFO HostContext] Well known directory 'Bin': 'C:\Users\jorge\Desktop\Jorge U\MindLabs\DVC\TestDVC4\actions-runner\bin'
[2023-03-30 13:30:16Z INFO HostContext] Well known directory 'Root': 'C:\Users\jorge\Desktop\Jorge U\MindLabs\DVC\TestDVC4\actions-runner'
[2023-03-30 13:30:16Z INFO ConfigurationStore] RootFolder: C:\Users\jorge\Desktop\Jorge U\MindLabs\DVC\TestDVC4\actions-runner
[2023-03-30 13:30:16Z INFO HostContext] Well known directory 'Bin': 'C:\Users\jorge\Desktop\Jorge U\MindLabs\DVC\TestDVC4\actions-runner\bin'
[2023-03-30 13:30:16Z INFO HostContext] Well known directory 'Root': 'C:\Users\jorge\Desktop\Jorge U\MindLabs\DVC\TestDVC4\actions-runner'
[2023-03-30 13:30:16Z INFO HostContext] Well known config file 'Runner': 'C:\Users\jorge\Desktop\Jorge U\MindLabs\DVC\TestDVC4\actions-runner\.runner'
[2023-03-30 13:30:16Z INFO ConfigurationStore] ConfigFilePath: C:\Users\jorge\Desktop\Jorge U\MindLabs\DVC\TestDVC4\actions-runner\.runner
[2023-03-30 13:30:16Z INFO HostContext] Well known directory 'Bin': 'C:\Users\jorge\Desktop\Jorge U\MindLabs\DVC\TestDVC4\actions-runner\bin'
[2023-03-30 13:30:16Z INFO HostContext] Well known directory 'Root': 'C:\Users\jorge\Desktop\Jorge U\MindLabs\DVC\TestDVC4\actions-runner'
[2023-03-30 13:30:16Z INFO HostContext] Well known config file 'Credentials': 'C:\Users\jorge\Desktop\Jorge U\MindLabs\DVC\TestDVC4\actions-runner\.credentials'
[2023-03-30 13:30:16Z INFO ConfigurationStore] CredFilePath: C:\Users\jorge\Desktop\Jorge U\MindLabs\DVC\TestDVC4\actions-runner\.credentials
[2023-03-30 13:30:16Z INFO HostContext] Well known directory 'Bin': 'C:\Users\jorge\Desktop\Jorge U\MindLabs\DVC\TestDVC4\actions-runner\bin'
[2023-03-30 13:30:16Z INFO HostContext] Well known directory 'Root': 'C:\Users\jorge\Desktop\Jorge U\MindLabs\DVC\TestDVC4\actions-runner'
[2023-03-30 13:30:16Z INFO HostContext] Well known config file 'MigratedCredentials': 'C:\Users\jorge\Desktop\Jorge U\MindLabs\DVC\TestDVC4\actions-runner\.credentials_migrated'
[2023-03-30 13:30:16Z INFO ConfigurationStore] MigratedCredFilePath: C:\Users\jorge\Desktop\Jorge U\MindLabs\DVC\TestDVC4\actions-runner\.credentials_migrated
[2023-03-30 13:30:16Z INFO HostContext] Well known directory 'Bin': 'C:\Users\jorge\Desktop\Jorge U\MindLabs\DVC\TestDVC4\actions-runner\bin'
[2023-03-30 13:30:16Z INFO HostContext] Well known directory 'Root': 'C:\Users\jorge\Desktop\Jorge U\MindLabs\DVC\TestDVC4\actions-runner'
[2023-03-30 13:30:16Z INFO HostContext] Well known config file 'Service': 'C:\Users\jorge\Desktop\Jorge U\MindLabs\DVC\TestDVC4\actions-runner\.service'
[2023-03-30 13:30:16Z INFO ConfigurationStore] ServiceConfigFilePath: C:\Users\jorge\Desktop\Jorge U\MindLabs\DVC\TestDVC4\actions-runner\.service
[2023-03-30 13:30:16Z INFO CommandSettings] Flag 'help': 'False'
[2023-03-30 13:30:16Z INFO CommandSettings] Flag 'version': 'False'
[2023-03-30 13:30:16Z INFO CommandSettings] Flag 'commit': 'False'
[2023-03-30 13:30:16Z INFO CommandSettings] Flag 'check': 'False'
[2023-03-30 13:30:16Z INFO CommandSettings] Command 'configure': 'False'
[2023-03-30 13:30:16Z INFO CommandSettings] Command 'remove': 'False'
[2023-03-30 13:30:16Z INFO CommandSettings] Command 'warmup': 'False'
[2023-03-30 13:30:16Z INFO ConfigurationManager] LoadSettings
[2023-03-30 13:30:16Z INFO ConfigurationStore] IsConfigured()
[2023-03-30 13:30:16Z INFO ConfigurationStore] IsConfigured: True
[2023-03-30 13:30:16Z INFO ConfigurationManager] Is configured: True
[2023-03-30 13:30:16Z INFO ConfigurationStore] Read setting file: 295 chars
[2023-03-30 13:30:16Z INFO ConfigurationManager] Settings Loaded
[2023-03-30 13:30:16Z INFO ConfigurationStore] IsServiceConfigured()
[2023-03-30 13:30:16Z INFO ConfigurationStore] IsServiceConfigured: False
[2023-03-30 13:30:16Z INFO CommandSettings] Command 'run': 'True'
[2023-03-30 13:30:16Z INFO ConfigurationStore] IsConfigured()
[2023-03-30 13:30:16Z INFO ConfigurationStore] IsConfigured: True
[2023-03-30 13:30:16Z INFO ConfigurationManager] Is configured: True
[2023-03-30 13:30:16Z INFO Runner] Could not parse the argument value '' for StartupType. Defaulting to Manual
[2023-03-30 13:30:16Z INFO Runner] Set runner startup type - Manual
[2023-03-30 13:30:16Z INFO CommandSettings] Flag 'once': 'False'
[2023-03-30 13:30:16Z INFO CommandSettings] Flag 'once': 'False'
[2023-03-30 13:30:16Z INFO Runner] RunAsync
[2023-03-30 13:30:16Z INFO ConfigurationManager] LoadSettings
[2023-03-30 13:30:16Z INFO ConfigurationStore] IsConfigured()
[2023-03-30 13:30:16Z INFO ConfigurationStore] IsConfigured: True
[2023-03-30 13:30:16Z INFO ConfigurationManager] Is configured: True
[2023-03-30 13:30:16Z INFO ConfigurationManager] Settings Loaded
[2023-03-30 13:30:16Z INFO MessageListener] {
  "AgentId": 2,
  "AgentName": "LAPTOP-7U7QQLT5",
  "PoolId": 1,
  "PoolName": "Default",
  "ServerUrl": "https://pipelines.actions.githubusercontent.com/ckkLo4xrLMJkAEvmsmVNqJTy3Nk4gejc1dRSQZl1rlyhPW1Xrp",
  "GitHubUrl": "https://github.com/jrk311/TestDVC4",
  "WorkFolder": "_work"
}
[2023-03-30 13:30:16Z INFO MessageListener] Loading Credentials
[2023-03-30 13:30:16Z INFO ConfigurationStore] HasCredentials()
[2023-03-30 13:30:16Z INFO ConfigurationStore] stored True
[2023-03-30 13:30:16Z INFO CredentialManager] GetCredentialProvider
[2023-03-30 13:30:16Z INFO CredentialManager] Creating type OAuth
[2023-03-30 13:30:16Z INFO CredentialManager] Creating credential type: OAuth
[2023-03-30 13:30:16Z INFO HostContext] Well known directory 'Bin': 'C:\Users\jorge\Desktop\Jorge U\MindLabs\DVC\TestDVC4\actions-runner\bin'
[2023-03-30 13:30:16Z INFO HostContext] Well known directory 'Root': 'C:\Users\jorge\Desktop\Jorge U\MindLabs\DVC\TestDVC4\actions-runner'
[2023-03-30 13:30:16Z INFO HostContext] Well known config file 'RSACredentials': 'C:\Users\jorge\Desktop\Jorge U\MindLabs\DVC\TestDVC4\actions-runner\.credentials_rsaparams'
[2023-03-30 13:30:16Z INFO RSAEncryptedFileKeyManager] Loading RSA key parameters from file C:\Users\jorge\Desktop\Jorge U\MindLabs\DVC\TestDVC4\actions-runner\.credentials_rsaparams
[2023-03-30 13:30:16Z INFO MessageListener] Attempt to create session.
[2023-03-30 13:30:16Z INFO MessageListener] Connecting to the Runner Server...
[2023-03-30 13:30:16Z INFO RunnerServer] EstablishVssConnection
[2023-03-30 13:30:16Z INFO RunnerServer] Establish connection with 100 seconds timeout.
[2023-03-30 13:30:16Z INFO GitHubActionsService] Starting operation Location.GetConnectionData
[2023-03-30 13:30:16Z INFO RunnerServer] EstablishVssConnection
[2023-03-30 13:30:16Z INFO RunnerServer] Establish connection with 60 seconds timeout.
[2023-03-30 13:30:17Z INFO GitHubActionsService] Starting operation Location.GetConnectionData
[2023-03-30 13:30:17Z INFO RunnerServer] EstablishVssConnection
[2023-03-30 13:30:17Z INFO RunnerServer] Establish connection with 60 seconds timeout.
[2023-03-30 13:30:17Z INFO GitHubActionsService] Starting operation Location.GetConnectionData
[2023-03-30 13:30:17Z INFO GitHubActionsService] Finished operation Location.GetConnectionData
[2023-03-30 13:30:17Z INFO GitHubActionsService] Finished operation Location.GetConnectionData
[2023-03-30 13:30:18Z INFO GitHubActionsService] Finished operation Location.GetConnectionData
[2023-03-30 13:30:18Z INFO MessageListener] VssConnection created
[2023-03-30 13:30:18Z INFO Terminal] WRITE LINE: 
[2023-03-30 13:30:18Z INFO Terminal] WRITE LINE: 
[2023-03-30 13:30:18Z INFO RSAEncryptedFileKeyManager] Loading RSA key parameters from file C:\Users\jorge\Desktop\Jorge U\MindLabs\DVC\TestDVC4\actions-runner\.credentials_rsaparams
[2023-03-30 13:30:18Z INFO RSAEncryptedFileKeyManager] Loading RSA key parameters from file C:\Users\jorge\Desktop\Jorge U\MindLabs\DVC\TestDVC4\actions-runner\.credentials_rsaparams
[2023-03-30 13:30:19Z INFO GitHubActionsService] AAD Correlation ID for this token request: Unknown
[2023-03-30 13:30:19Z INFO MessageListener] Session created.
[2023-03-30 13:30:19Z INFO Terminal] WRITE LINE: Current runner version: '2.303.0'
[2023-03-30 13:30:19Z INFO Terminal] WRITE LINE: 2023-03-30 13:30:19Z: Listening for Jobs
[2023-03-30 13:30:19Z INFO JobDispatcher] Set runner/worker IPC timeout to 30 seconds.
[2023-03-30 13:32:20Z INFO RSAEncryptedFileKeyManager] Loading RSA key parameters from file C:\Users\jorge\Desktop\Jorge U\MindLabs\DVC\TestDVC4\actions-runner\.credentials_rsaparams
[2023-03-30 13:32:20Z INFO MessageListener] Message '1' received from session '5cdbf5a1-66e9-477e-a750-a9940651c42f'.
[2023-03-30 13:32:20Z INFO Runner] Received job message of length 19675 from service, with hash '5bb3d7efb3205a483cae15e5d123ae569129e75e0ada91dafd07c6d86ecf1fa9'
[2023-03-30 13:32:21Z INFO JobDispatcher] Job request 1 for plan 464355ee-5805-4a03-a5c0-88636435e22a job 9164a0f0-3bcd-5ee3-eaa2-1108f277a7dd received.
[2023-03-30 13:32:21Z INFO JobDispatcher] Pull OrchestrationId 464355ee-5805-4a03-a5c0-88636435e22a.create-file.__default from JWT claims
[2023-03-30 13:32:21Z INFO Terminal] WRITE LINE: 2023-03-30 13:32:21Z: Running job: create-file
[2023-03-30 13:32:21Z INFO JobDispatcher] Start renew job request 1 for job 9164a0f0-3bcd-5ee3-eaa2-1108f277a7dd.
[2023-03-30 13:32:22Z INFO JobDispatcher] Successfully renew job request 1, job is valid till 30/03/2023 01:42:20 p. m.
[2023-03-30 13:32:22Z INFO HostContext] Well known directory 'Bin': 'C:\Users\jorge\Desktop\Jorge U\MindLabs\DVC\TestDVC4\actions-runner\bin'
[2023-03-30 13:32:22Z INFO ProcessInvokerWrapper] Starting process:
[2023-03-30 13:32:22Z INFO ProcessInvokerWrapper]   File name: 'C:\Users\jorge\Desktop\Jorge U\MindLabs\DVC\TestDVC4\actions-runner\bin\Runner.Worker.exe'
[2023-03-30 13:32:22Z INFO ProcessInvokerWrapper]   Arguments: 'spawnclient 1596 1328'
[2023-03-30 13:32:22Z INFO ProcessInvokerWrapper]   Working directory: 'C:\Users\jorge\Desktop\Jorge U\MindLabs\DVC\TestDVC4\actions-runner\bin'
[2023-03-30 13:32:22Z INFO ProcessInvokerWrapper]   Require exit code zero: 'False'
[2023-03-30 13:32:22Z INFO ProcessInvokerWrapper]   Encoding web name:  ; code page: ''
[2023-03-30 13:32:22Z INFO ProcessInvokerWrapper]   Force kill process on cancellation: 'True'
[2023-03-30 13:32:22Z INFO ProcessInvokerWrapper]   Redirected STDIN: 'False'
[2023-03-30 13:32:22Z INFO ProcessInvokerWrapper]   Persist current code page: 'False'
[2023-03-30 13:32:22Z INFO ProcessInvokerWrapper]   Keep redirected STDIN open: 'False'
[2023-03-30 13:32:22Z INFO ProcessInvokerWrapper]   High priority process: 'True'
[2023-03-30 13:32:22Z INFO ProcessInvokerWrapper] Process started with process id 20904, waiting for process exit.
[2023-03-30 13:32:22Z INFO JobDispatcher] Send job request message to worker for job 9164a0f0-3bcd-5ee3-eaa2-1108f277a7dd.
[2023-03-30 13:32:22Z INFO ProcessChannel] Sending message of length 19675, with hash '5bb3d7efb3205a483cae15e5d123ae569129e75e0ada91dafd07c6d86ecf1fa9'
[2023-03-30 13:32:22Z INFO JobNotification] Entering JobStarted Notification
[2023-03-30 13:32:22Z INFO JobNotification] Entering StartMonitor
[2023-03-30 13:32:31Z INFO ProcessInvokerWrapper] STDOUT/STDERR stream read finished.
[2023-03-30 13:32:31Z INFO ProcessInvokerWrapper] STDOUT/STDERR stream read finished.
[2023-03-30 13:32:31Z INFO ProcessInvokerWrapper] Finished process 20904 with exit code 100, and elapsed time 00:00:09.0709399.
[2023-03-30 13:32:31Z INFO JobDispatcher] Worker finished for job 9164a0f0-3bcd-5ee3-eaa2-1108f277a7dd. Code: 100
[2023-03-30 13:32:31Z INFO JobDispatcher] finish job request for job 9164a0f0-3bcd-5ee3-eaa2-1108f277a7dd with result: Succeeded
[2023-03-30 13:32:31Z INFO Terminal] WRITE LINE: 2023-03-30 13:32:31Z: Job create-file completed with result: Succeeded
[2023-03-30 13:32:31Z INFO JobDispatcher] Stop renew job request for job 9164a0f0-3bcd-5ee3-eaa2-1108f277a7dd.
[2023-03-30 13:32:31Z INFO JobDispatcher] job renew has been cancelled, stop renew job request 1.
[2023-03-30 13:32:31Z INFO JobNotification] Entering JobCompleted Notification
[2023-03-30 13:32:31Z INFO JobNotification] Entering EndMonitor
[2023-03-30 13:33:01Z INFO RSAEncryptedFileKeyManager] Loading RSA key parameters from file C:\Users\jorge\Desktop\Jorge U\MindLabs\DVC\TestDVC4\actions-runner\.credentials_rsaparams
[2023-03-30 13:33:01Z INFO MessageListener] Message '2' received from session '5cdbf5a1-66e9-477e-a750-a9940651c42f'.
[2023-03-30 13:33:01Z INFO Runner] Received job message of length 19692 from service, with hash '838054088e2cf967ee982817d655173726fb581bd74b47ad4aadfd6cb8b310ec'
[2023-03-30 13:33:01Z INFO JobDispatcher] Job request 2 for plan 7f4e3bc2-7afa-4e27-a79c-6949ebc3841e job 9164a0f0-3bcd-5ee3-eaa2-1108f277a7dd received.
[2023-03-30 13:33:01Z INFO JobDispatcher] Pull OrchestrationId 7f4e3bc2-7afa-4e27-a79c-6949ebc3841e.create-file.__default from JWT claims
[2023-03-30 13:33:01Z INFO JobDispatcher] Job request 9164a0f0-3bcd-5ee3-eaa2-1108f277a7dd processed succeed.
[2023-03-30 13:33:01Z INFO Terminal] WRITE LINE: 2023-03-30 13:33:01Z: Running job: create-file
[2023-03-30 13:33:01Z INFO JobDispatcher] Start renew job request 2 for job 9164a0f0-3bcd-5ee3-eaa2-1108f277a7dd.
[2023-03-30 13:33:01Z INFO JobDispatcher] Successfully renew job request 2, job is valid till 30/03/2023 01:42:59 p. m.
[2023-03-30 13:33:01Z INFO HostContext] Well known directory 'Bin': 'C:\Users\jorge\Desktop\Jorge U\MindLabs\DVC\TestDVC4\actions-runner\bin'
[2023-03-30 13:33:01Z INFO ProcessInvokerWrapper] Starting process:
[2023-03-30 13:33:01Z INFO ProcessInvokerWrapper]   File name: 'C:\Users\jorge\Desktop\Jorge U\MindLabs\DVC\TestDVC4\actions-runner\bin\Runner.Worker.exe'
[2023-03-30 13:33:01Z INFO ProcessInvokerWrapper]   Arguments: 'spawnclient 1972 1464'
[2023-03-30 13:33:01Z INFO ProcessInvokerWrapper]   Working directory: 'C:\Users\jorge\Desktop\Jorge U\MindLabs\DVC\TestDVC4\actions-runner\bin'
[2023-03-30 13:33:01Z INFO ProcessInvokerWrapper]   Require exit code zero: 'False'
[2023-03-30 13:33:01Z INFO ProcessInvokerWrapper]   Encoding web name:  ; code page: ''
[2023-03-30 13:33:01Z INFO ProcessInvokerWrapper]   Force kill process on cancellation: 'True'
[2023-03-30 13:33:01Z INFO ProcessInvokerWrapper]   Redirected STDIN: 'False'
[2023-03-30 13:33:01Z INFO ProcessInvokerWrapper]   Persist current code page: 'False'
[2023-03-30 13:33:01Z INFO ProcessInvokerWrapper]   Keep redirected STDIN open: 'False'
[2023-03-30 13:33:01Z INFO ProcessInvokerWrapper]   High priority process: 'True'
[2023-03-30 13:33:01Z INFO ProcessInvokerWrapper] Process started with process id 11512, waiting for process exit.
[2023-03-30 13:33:01Z INFO JobDispatcher] Send job request message to worker for job 9164a0f0-3bcd-5ee3-eaa2-1108f277a7dd.
[2023-03-30 13:33:01Z INFO ProcessChannel] Sending message of length 19692, with hash '838054088e2cf967ee982817d655173726fb581bd74b47ad4aadfd6cb8b310ec'
[2023-03-30 13:33:02Z INFO JobNotification] Entering JobStarted Notification
[2023-03-30 13:33:02Z INFO JobNotification] Entering StartMonitor
[2023-03-30 13:33:08Z INFO ProcessInvokerWrapper] STDOUT/STDERR stream read finished.
[2023-03-30 13:33:08Z INFO ProcessInvokerWrapper] STDOUT/STDERR stream read finished.
[2023-03-30 13:33:08Z INFO ProcessInvokerWrapper] Finished process 11512 with exit code 100, and elapsed time 00:00:07.4000573.
[2023-03-30 13:33:08Z INFO JobDispatcher] Worker finished for job 9164a0f0-3bcd-5ee3-eaa2-1108f277a7dd. Code: 100
[2023-03-30 13:33:08Z INFO JobDispatcher] finish job request for job 9164a0f0-3bcd-5ee3-eaa2-1108f277a7dd with result: Succeeded
[2023-03-30 13:33:08Z INFO Terminal] WRITE LINE: 2023-03-30 13:33:08Z: Job create-file completed with result: Succeeded
[2023-03-30 13:33:08Z INFO JobDispatcher] Stop renew job request for job 9164a0f0-3bcd-5ee3-eaa2-1108f277a7dd.
[2023-03-30 13:33:08Z INFO JobDispatcher] job renew has been cancelled, stop renew job request 2.
[2023-03-30 13:33:08Z INFO JobNotification] Entering JobCompleted Notification
[2023-03-30 13:33:08Z INFO JobNotification] Entering EndMonitor
[2023-03-30 13:54:32Z INFO Terminal] WRITE LINE: Exiting...
[2023-03-30 13:54:32Z INFO ConfigurationStore] IsServiceConfigured()
[2023-03-30 13:54:32Z INFO ConfigurationStore] IsServiceConfigured: False
[2023-03-30 13:54:32Z INFO HostContext] Runner will be shutdown for UserCancelled
[2023-03-30 13:54:32Z WARN GitHubActionsService] GET request to https://pipelines.actions.githubusercontent.com/ckkLo4xrLMJkAEvmsmVNqJTy3Nk4gejc1dRSQZl1rlyhPW1Xrp/_apis/distributedtask/pools/1/messages?sessionId=5cdbf5a1-66e9-477e-a750-a9940651c42f&lastMessageId=2&status=Online&runnerVersion=2.303.0 has been cancelled.
[2023-03-30 13:54:32Z INFO MessageListener] Get next message has been cancelled.
[2023-03-30 13:54:32Z INFO JobDispatcher] Shutting down JobDispatcher. Make sure all WorkerDispatcher has finished.
[2023-03-30 13:54:32Z INFO JobDispatcher] Ensure WorkerDispather for job 9164a0f0-3bcd-5ee3-eaa2-1108f277a7dd run to finish, cancel any running job.
[2023-03-30 13:54:32Z INFO JobDispatcher] Job request 9164a0f0-3bcd-5ee3-eaa2-1108f277a7dd processed succeed.
[2023-03-30 13:54:32Z INFO Listener] Runner execution been cancelled.
